<?xml version="1.0" encoding="UTF-8"?>
<!-- Generated by org.testng.reporters.JUnitXMLReporter -->
<testsuite ignored="0" hostname="Tonnies-MBP" failures="1" tests="1" name="Surefire test" time="25.161" errors="0" timestamp="2022-11-20T22:50:48 EST">
  <testcase classname="io.cucumber.testng.AbstractTestNGCucumberTests" name="runScenario" time="24.422">
    <failure type="org.openqa.selenium.JavascriptException" message="javascript error: Cannot read properties of undefined (reading &amp;apos;click&amp;apos;)
  (Session info: chrome=107.0.5304.110)
Build info: version: &amp;apos;4.1.1&amp;apos;, revision: &amp;apos;e8fcc2cecf&amp;apos;
System info: host: &amp;apos;Tonnies-MBP&amp;apos;, ip: &amp;apos;fe80:0:0:0:1822:80ec:98e6:21ca%en0&amp;apos;, os.name: &amp;apos;Mac OS X&amp;apos;, os.arch: &amp;apos;x86_64&amp;apos;, os.version: &amp;apos;12.5.1&amp;apos;, java.version: &amp;apos;19&amp;apos;
Driver info: org.openqa.selenium.chrome.ChromeDriver
Command: [a2254db773ee7199ea8165cd635ff7d3, executeScript {script=arguments[0].click(), args=[]}]
Capabilities {acceptInsecureCerts: false, browserName: chrome, browserVersion: 107.0.5304.110, chrome: {chromedriverVersion: 107.0.5304.62 (1eec40d3a576..., userDataDir: /var/folders/21/_1db5crd4ys...}, goog:chromeOptions: {debuggerAddress: localhost:62895}, javascriptEnabled: true, networkConnectionEnabled: false, pageLoadStrategy: normal, platform: MAC, platformName: MAC, proxy: Proxy(), se:cdp: ws://localhost:62895/devtoo..., se:cdpVersion: 107.0.5304.110, setWindowRect: true, strictFileInteractability: false, timeouts: {implicit: 0, pageLoad: 300000, script: 30000}, unhandledPromptBehavior: dismiss and notify, webauthn:extension:credBlob: true, webauthn:extension:largeBlob: true, webauthn:virtualAuthenticators: true}
Session ID: a2254db773ee7199ea8165cd635ff7d3">
      <![CDATA[org.openqa.selenium.JavascriptException: javascript error: Cannot read properties of undefined (reading 'click')
  (Session info: chrome=107.0.5304.110)
Build info: version: '4.1.1', revision: 'e8fcc2cecf'
System info: host: 'Tonnies-MBP', ip: 'fe80:0:0:0:1822:80ec:98e6:21ca%en0', os.name: 'Mac OS X', os.arch: 'x86_64', os.version: '12.5.1', java.version: '19'
Driver info: org.openqa.selenium.chrome.ChromeDriver
Command: [a2254db773ee7199ea8165cd635ff7d3, executeScript {script=arguments[0].click(), args=[]}]
Capabilities {acceptInsecureCerts: false, browserName: chrome, browserVersion: 107.0.5304.110, chrome: {chromedriverVersion: 107.0.5304.62 (1eec40d3a576..., userDataDir: /var/folders/21/_1db5crd4ys...}, goog:chromeOptions: {debuggerAddress: localhost:62895}, javascriptEnabled: true, networkConnectionEnabled: false, pageLoadStrategy: normal, platform: MAC, platformName: MAC, proxy: Proxy(), se:cdp: ws://localhost:62895/devtoo..., se:cdpVersion: 107.0.5304.110, setWindowRect: true, strictFileInteractability: false, timeouts: {implicit: 0, pageLoad: 300000, script: 30000}, unhandledPromptBehavior: dismiss and notify, webauthn:extension:credBlob: true, webauthn:extension:largeBlob: true, webauthn:virtualAuthenticators: true}
Session ID: a2254db773ee7199ea8165cd635ff7d3
at org.openqa.selenium.remote.codec.w3c.W3CHttpResponseCodec.createException(W3CHttpResponseCodec.java:200)
at org.openqa.selenium.remote.codec.w3c.W3CHttpResponseCodec.decode(W3CHttpResponseCodec.java:133)
at org.openqa.selenium.remote.codec.w3c.W3CHttpResponseCodec.decode(W3CHttpResponseCodec.java:53)
at org.openqa.selenium.remote.HttpCommandExecutor.execute(HttpCommandExecutor.java:184)
at org.openqa.selenium.remote.service.DriverCommandExecutor.invokeExecute(DriverCommandExecutor.java:167)
at org.openqa.selenium.remote.service.DriverCommandExecutor.execute(DriverCommandExecutor.java:142)
at org.openqa.selenium.remote.RemoteWebDriver.execute(RemoteWebDriver.java:543)
at org.openqa.selenium.remote.RemoteWebDriver.executeScript(RemoteWebDriver.java:477)
at pageObject.searchaproduct_pageObj.clickonStarbucksGiftCards(searchaproduct_pageObj.java:70)
at stepDef.searchaproduct_stepDef.iClickOnStarbucksGiftCardFromTheExploreItemsPopup(searchaproduct_stepDef.java:28)
at ✽.i click on Starbucks gift card link(file:///Users/tonniekhaleque/Documents/Target/src/test/java/features/searchaproduct.feature:8)
... Removed 3 stack frames]]>
    </failure>
  </testcase> <!-- runScenario -->
</testsuite> <!-- Surefire test -->
