<?xml version="1.0" encoding="UTF-8"?>
<testng-results ignored="0" total="2" passed="2" failed="0" skipped="0">
  <reporter-output>
  </reporter-output>
  <suite started-at="2022-11-29T17:50:21 EST" name="Surefire suite" finished-at="2022-11-29T17:50:41 EST" duration-ms="20033">
    <groups>
      <group name="cucumber">
        <method signature="AbstractTestNGCucumberTests.runScenario(io.cucumber.testng.PickleWrapper, io.cucumber.testng.FeatureWrapper)[pri:0, instance:TestRunner@12405818]" name="runScenario" class="io.cucumber.testng.AbstractTestNGCucumberTests"/>
      </group> <!-- cucumber -->
    </groups>
    <test started-at="2022-11-29T17:50:21 EST" name="Surefire test" finished-at="2022-11-29T17:50:41 EST" duration-ms="20033">
      <class name="TestRunner">
        <test-method is-config="true" signature="setUpClass()[pri:0, instance:TestRunner@12405818]" started-at="2022-11-29T17:50:21 EST" name="setUpClass" finished-at="2022-11-29T17:50:21 EST" duration-ms="316" status="PASS">
          <reporter-output>
          </reporter-output>
        </test-method> <!-- setUpClass -->
        <test-method signature="runScenario(io.cucumber.testng.PickleWrapper, io.cucumber.testng.FeatureWrapper)[pri:0, instance:TestRunner@12405818]" started-at="2022-11-29T17:50:21 EST" name="runScenario" description="Runs Cucumber Scenarios" data-provider="scenarios" finished-at="2022-11-29T17:50:32 EST" duration-ms="11143" status="PASS">
          <params>
            <param index="0">
              <value>
                <![CDATA["verify user can create new account using valid information"]]>
              </value>
            </param>
            <param index="1">
              <value>
                <![CDATA["Optional[Create Account]"]]>
              </value>
            </param>
          </params>
          <reporter-output>
          </reporter-output>
        </test-method> <!-- runScenario -->
        <test-method signature="runScenario(io.cucumber.testng.PickleWrapper, io.cucumber.testng.FeatureWrapper)[pri:0, instance:TestRunner@12405818]" started-at="2022-11-29T17:50:32 EST" name="runScenario" description="Runs Cucumber Scenarios" data-provider="scenarios" finished-at="2022-11-29T17:50:41 EST" duration-ms="8458" status="PASS">
          <params>
            <param index="0">
              <value>
                <![CDATA["verify user can sign in using newly created valid credentials"]]>
              </value>
            </param>
            <param index="1">
              <value>
                <![CDATA["Optional[Create Account]"]]>
              </value>
            </param>
          </params>
          <reporter-output>
          </reporter-output>
        </test-method> <!-- runScenario -->
        <test-method is-config="true" signature="tearDownClass()[pri:0, instance:TestRunner@12405818]" started-at="2022-11-29T17:50:41 EST" name="tearDownClass" finished-at="2022-11-29T17:50:41 EST" duration-ms="84" status="PASS">
          <reporter-output>
          </reporter-output>
        </test-method> <!-- tearDownClass -->
      </class> <!-- TestRunner -->
    </test> <!-- Surefire test -->
  </suite> <!-- Surefire suite -->
</testng-results>
