<?xml version="1.0" encoding="UTF-8"?>
<testng-results ignored="0" total="1" passed="0" failed="1" skipped="0">
  <reporter-output>
  </reporter-output>
  <suite started-at="2022-11-20T22:50:23 EST" name="Surefire suite" finished-at="2022-11-20T22:50:48 EST" duration-ms="25161">
    <groups>
      <group name="cucumber">
        <method signature="AbstractTestNGCucumberTests.runScenario(io.cucumber.testng.PickleWrapper, io.cucumber.testng.FeatureWrapper)[pri:0, instance:TestRunner@12405818]" name="runScenario" class="io.cucumber.testng.AbstractTestNGCucumberTests"/>
      </group> <!-- cucumber -->
    </groups>
    <test started-at="2022-11-20T22:50:23 EST" name="Surefire test" finished-at="2022-11-20T22:50:48 EST" duration-ms="25161">
      <class name="TestRunner">
        <test-method is-config="true" signature="setUpClass()[pri:0, instance:TestRunner@12405818]" started-at="2022-11-20T22:50:23 EST" name="setUpClass" finished-at="2022-11-20T22:50:23 EST" duration-ms="395" status="PASS">
          <reporter-output>
          </reporter-output>
        </test-method> <!-- setUpClass -->
        <test-method signature="runScenario(io.cucumber.testng.PickleWrapper, io.cucumber.testng.FeatureWrapper)[pri:0, instance:TestRunner@12405818]" started-at="2022-11-20T22:50:23 EST" name="runScenario" description="Runs Cucumber Scenarios" data-provider="scenarios" finished-at="2022-11-20T22:50:48 EST" duration-ms="24422" status="FAIL">
          <params>
            <param index="0">
              <value>
                <![CDATA["verify user can search a product and add the product to the cart"]]>
              </value>
            </param>
            <param index="1">
              <value>
                <![CDATA["Optional[Create Account]"]]>
              </value>
            </param>
          </params>
          <exception class="org.openqa.selenium.JavascriptException">
            <message>
              <![CDATA[javascript error: Cannot read properties of undefined (reading 'click')
  (Session info: chrome=107.0.5304.110)
Build info: version: '4.1.1', revision: 'e8fcc2cecf'
System info: host: 'Tonnies-MBP', ip: 'fe80:0:0:0:1822:80ec:98e6:21ca%en0', os.name: 'Mac OS X', os.arch: 'x86_64', os.version: '12.5.1', java.version: '19'
Driver info: org.openqa.selenium.chrome.ChromeDriver
Command: [a2254db773ee7199ea8165cd635ff7d3, executeScript {script=arguments[0].click(), args=[]}]
Capabilities {acceptInsecureCerts: false, browserName: chrome, browserVersion: 107.0.5304.110, chrome: {chromedriverVersion: 107.0.5304.62 (1eec40d3a576..., userDataDir: /var/folders/21/_1db5crd4ys...}, goog:chromeOptions: {debuggerAddress: localhost:62895}, javascriptEnabled: true, networkConnectionEnabled: false, pageLoadStrategy: normal, platform: MAC, platformName: MAC, proxy: Proxy(), se:cdp: ws://localhost:62895/devtoo..., se:cdpVersion: 107.0.5304.110, setWindowRect: true, strictFileInteractability: false, timeouts: {implicit: 0, pageLoad: 300000, script: 30000}, unhandledPromptBehavior: dismiss and notify, webauthn:extension:credBlob: true, webauthn:extension:largeBlob: true, webauthn:virtualAuthenticators: true}
Session ID: a2254db773ee7199ea8165cd635ff7d3]]>
            </message>
            <full-stacktrace>
              <![CDATA[org.openqa.selenium.JavascriptException: javascript error: Cannot read properties of undefined (reading 'click')
  (Session info: chrome=107.0.5304.110)
Build info: version: '4.1.1', revision: 'e8fcc2cecf'
System info: host: 'Tonnies-MBP', ip: 'fe80:0:0:0:1822:80ec:98e6:21ca%en0', os.name: 'Mac OS X', os.arch: 'x86_64', os.version: '12.5.1', java.version: '19'
Driver info: org.openqa.selenium.chrome.ChromeDriver
Command: [a2254db773ee7199ea8165cd635ff7d3, executeScript {script=arguments[0].click(), args=[]}]
Capabilities {acceptInsecureCerts: false, browserName: chrome, browserVersion: 107.0.5304.110, chrome: {chromedriverVersion: 107.0.5304.62 (1eec40d3a576..., userDataDir: /var/folders/21/_1db5crd4ys...}, goog:chromeOptions: {debuggerAddress: localhost:62895}, javascriptEnabled: true, networkConnectionEnabled: false, pageLoadStrategy: normal, platform: MAC, platformName: MAC, proxy: Proxy(), se:cdp: ws://localhost:62895/devtoo..., se:cdpVersion: 107.0.5304.110, setWindowRect: true, strictFileInteractability: false, timeouts: {implicit: 0, pageLoad: 300000, script: 30000}, unhandledPromptBehavior: dismiss and notify, webauthn:extension:credBlob: true, webauthn:extension:largeBlob: true, webauthn:virtualAuthenticators: true}
Session ID: a2254db773ee7199ea8165cd635ff7d3
at java.base/jdk.internal.reflect.DirectConstructorHandleAccessor.newInstance(DirectConstructorHandleAccessor.java:67)
at java.base/java.lang.reflect.Constructor.newInstanceWithCaller(Constructor.java:500)
at java.base/java.lang.reflect.Constructor.newInstance(Constructor.java:484)
at org.openqa.selenium.remote.codec.w3c.W3CHttpResponseCodec.createException(W3CHttpResponseCodec.java:200)
at org.openqa.selenium.remote.codec.w3c.W3CHttpResponseCodec.decode(W3CHttpResponseCodec.java:133)
at org.openqa.selenium.remote.codec.w3c.W3CHttpResponseCodec.decode(W3CHttpResponseCodec.java:53)
at org.openqa.selenium.remote.HttpCommandExecutor.execute(HttpCommandExecutor.java:184)
at org.openqa.selenium.remote.service.DriverCommandExecutor.invokeExecute(DriverCommandExecutor.java:167)
at org.openqa.selenium.remote.service.DriverCommandExecutor.execute(DriverCommandExecutor.java:142)
at org.openqa.selenium.remote.RemoteWebDriver.execute(RemoteWebDriver.java:543)
at org.openqa.selenium.remote.RemoteWebDriver.executeScript(RemoteWebDriver.java:477)
at pageObject.searchaproduct_pageObj.clickonStarbucksGiftCards(searchaproduct_pageObj.java:70)
at stepDef.searchaproduct_stepDef.iClickOnStarbucksGiftCardFromTheExploreItemsPopup(searchaproduct_stepDef.java:28)
at ✽.i click on Starbucks gift card link(file:///Users/tonniekhaleque/Documents/Target/src/test/java/features/searchaproduct.feature:8)
]]>
            </full-stacktrace>
          </exception> <!-- org.openqa.selenium.JavascriptException -->
          <reporter-output>
          </reporter-output>
        </test-method> <!-- runScenario -->
        <test-method is-config="true" signature="tearDownClass()[pri:0, instance:TestRunner@12405818]" started-at="2022-11-20T22:50:48 EST" name="tearDownClass" finished-at="2022-11-20T22:50:48 EST" duration-ms="259" status="PASS">
          <reporter-output>
          </reporter-output>
        </test-method> <!-- tearDownClass -->
      </class> <!-- TestRunner -->
    </test> <!-- Surefire test -->
  </suite> <!-- Surefire suite -->
</testng-results>
